2019-11-31 17:31:0 [INFO] start socket server
2019-11-31 17:31:17 [INFO] login success
2019-11-31 17:31:17 [INFO] send server data back
2019-11-31 17:31:17 [INFO] close client socket
2019-11-31 17:31:18 [INFO] login success
2019-11-31 17:31:18 [INFO] send server data back
2019-11-31 17:31:18 [INFO] close client socket
2019-11-31 17:56:35 [INFO] APP start: server:0.0.0.0 port:1234
2019-11-31 17:56:35 [INFO] start socket server
2019-11-31 17:56:45 [INFO] Create new thread success
2019-11-31 17:56:45 [INFO] login success
2019-11-31 17:56:45 [INFO] send server data back
2019-11-31 17:56:45 [INFO] close client socket
2019-11-31 17:56:45 [INFO] thread is exiting
2019-11-31 17:56:51 [INFO] Create new thread success
2019-11-31 17:56:51 [INFO] login success
2019-11-31 17:56:51 [INFO] send server data back
2019-11-31 17:56:51 [INFO] close client socket
2019-11-31 17:56:51 [INFO] thread is exiting
2019-11-31 18:1:20 [INFO] APP start: server:0.0.0.0 port:1234
2019-11-31 18:1:20 [INFO] start socket server
2019-11-31 18:1:26 [INFO] Create new thread success:0
2019-11-31 18:1:26 [INFO] login success
2019-11-31 18:1:26 [INFO] send server data back
2019-11-31 18:1:26 [INFO] close client socket
2019-11-31 18:1:26 [INFO] thread is exiting
2019-11-31 18:1:28 [INFO] Create new thread success:0
2019-11-31 18:1:28 [INFO] login success
2019-11-31 18:1:28 [INFO] send server data back
2019-11-31 18:1:28 [INFO] close client socket
2019-11-31 18:1:28 [INFO] thread is exiting
2019-11-31 18:4:8 [INFO] APP start: server:0.0.0.0 port:1234
2019-11-31 18:4:8 [INFO] start socket server
2019-11-31 19:7:38 [INFO] Create new thread success
2019-11-31 19:7:38 [INFO] new thread -485230848 detach and running
2019-11-31 19:7:38 [INFO] login success
2019-11-31 19:7:38 [INFO] login send back
2019-11-31 19:7:38 [INFO] Create new thread success
2019-11-31 19:7:38 [INFO] thread is exiting
